<?xml version="1.0" encoding="UTF-8"?>
<!-- Generated by org.testng.reporters.JUnitReportReporter -->
<testsuite hostname="DESKTOP-57QL2OO" failures="0" tests="1" name="com.numadic.QAtests.TestCase1" time="36.904" errors="0" timestamp="2023-09-27T22:20:12 IST" skipped="0">
  <testcase classname="com.numadic.QAtests.TestCase1" name="careerPageScript" time="36.904"/>
</testsuite> <!-- com.numadic.QAtests.TestCase1 -->
