<?xml version="1.0" encoding="UTF-8"?>
<!-- Generated by org.testng.reporters.JUnitReportReporter -->
<testsuite hostname="DESKTOP-57QL2OO" failures="0" tests="1" name="com.numadic.QAtests.TestCase1" time="28.397" errors="0" timestamp="2023-08-06T13:22:32 IST" skipped="0">
  <testcase classname="com.numadic.QAtests.TestCase1" name="careerPageScript" time="28.397"/>
</testsuite> <!-- com.numadic.QAtests.TestCase1 -->
