<?xml version="1.0" encoding="UTF-8"?>
<!-- Generated by org.testng.reporters.JUnitReportReporter -->
<testsuite hostname="PF1RW7XK" failures="0" tests="2" name="com.numadic.QAtests.TestCase1" time="31.646" errors="0" timestamp="2023-12-15T17:18:45 IST" skipped="1">
  <testcase classname="com.numadic.QAtests.TestCase1" name="careerPageScript" time="12.269">
    <skipped/>
  </testcase> <!-- careerPageScript -->
  <system-out/>
  <testcase classname="com.numadic.QAtests.TestCase1" name="careerPageScript" time="19.377"/>
  <system-out/>
</testsuite> <!-- com.numadic.QAtests.TestCase1 -->
